  [1m[35m (4.3ms)[0m  [1m[35mCREATE TABLE "schema_migrations" ("version" varchar NOT NULL PRIMARY KEY) /*application='RecipeManagerApi'*/[0m
  [1m[35m (0.1ms)[0m  [1m[35mCREATE TABLE "ar_internal_metadata" ("key" varchar NOT NULL PRIMARY KEY, "value" varchar, "created_at" datetime(6) NOT NULL, "updated_at" datetime(6) NOT NULL) /*application='RecipeManagerApi'*/[0m
  [1m[36mActiveRecord::InternalMetadata Load (0.1ms)[0m  [1m[34mSELECT * FROM "ar_internal_metadata" WHERE "ar_internal_metadata"."key" = 'environment' ORDER BY "ar_internal_metadata"."key" ASC LIMIT 1 /*application='RecipeManagerApi'*/[0m
  [1m[36mActiveRecord::InternalMetadata Create (0.2ms)[0m  [1m[32mINSERT INTO "ar_internal_metadata" ("key", "value", "created_at", "updated_at") VALUES ('environment', 'development', '2025-07-20 01:22:14.310411', '2025-07-20 01:22:14.310413') RETURNING "key" /*application='RecipeManagerApi'*/[0m
  [1m[36mActiveRecord::SchemaMigration Load (0.0ms)[0m  [1m[34mSELECT "schema_migrations"."version" FROM "schema_migrations" ORDER BY "schema_migrations"."version" ASC /*application='RecipeManagerApi'*/[0m
Migrating to CreateUsers (20250718002654)
  [1m[36mTRANSACTION (0.0ms)[0m  [1m[35mBEGIN immediate TRANSACTION /*application='RecipeManagerApi'*/[0m
  [1m[35m (1.0ms)[0m  [1m[35mCREATE TABLE "users" ("id" integer PRIMARY KEY AUTOINCREMENT NOT NULL, "email" varchar, "email_confirmation" varchar, "password" varchar, "password_digest" varchar, "first_name" varchar, "last_name" varchar, "preferred_system" varchar, "created_at" datetime(6) NOT NULL, "updated_at" datetime(6) NOT NULL) /*application='RecipeManagerApi'*/[0m
  [1m[36mActiveRecord::SchemaMigration Create (0.1ms)[0m  [1m[32mINSERT INTO "schema_migrations" ("version") VALUES ('20250718002654') RETURNING "version" /*application='RecipeManagerApi'*/[0m
  [1m[36mTRANSACTION (0.1ms)[0m  [1m[35mCOMMIT TRANSACTION /*application='RecipeManagerApi'*/[0m
Migrating to CreateRecipes (20250718003746)
  [1m[36mTRANSACTION (0.0ms)[0m  [1m[35mBEGIN immediate TRANSACTION /*application='RecipeManagerApi'*/[0m
  [1m[35m (0.6ms)[0m  [1m[35mCREATE TABLE "recipes" ("id" integer PRIMARY KEY AUTOINCREMENT NOT NULL, "user_id" integer NOT NULL, "title" varchar, "servings" integer, "cooking_time" integer, "favorite" boolean, "shopping_list" boolean, "created_at" datetime(6) NOT NULL, "updated_at" datetime(6) NOT NULL, CONSTRAINT "fk_rails_9606fce865"
FOREIGN KEY ("user_id")
  REFERENCES "users" ("id")
) /*application='RecipeManagerApi'*/[0m
  [1m[35m (0.1ms)[0m  [1m[35mCREATE INDEX "index_recipes_on_user_id" ON "recipes" ("user_id") /*application='RecipeManagerApi'*/[0m
  [1m[36mActiveRecord::SchemaMigration Create (0.1ms)[0m  [1m[32mINSERT INTO "schema_migrations" ("version") VALUES ('20250718003746') RETURNING "version" /*application='RecipeManagerApi'*/[0m
  [1m[36mTRANSACTION (0.1ms)[0m  [1m[35mCOMMIT TRANSACTION /*application='RecipeManagerApi'*/[0m
Migrating to CreateInstructions (20250720010807)
  [1m[36mTRANSACTION (0.0ms)[0m  [1m[35mBEGIN immediate TRANSACTION /*application='RecipeManagerApi'*/[0m
  [1m[35m (1.0ms)[0m  [1m[35mCREATE TABLE "instructions" ("id" integer PRIMARY KEY AUTOINCREMENT NOT NULL, "recipe_id" integer NOT NULL, "step_number" integer, "step_content" text, "created_at" datetime(6) NOT NULL, "updated_at" datetime(6) NOT NULL, CONSTRAINT "fk_rails_70ae839088"
FOREIGN KEY ("recipe_id")
  REFERENCES "recipes" ("id")
) /*application='RecipeManagerApi'*/[0m
  [1m[35m (0.1ms)[0m  [1m[35mCREATE INDEX "index_instructions_on_recipe_id" ON "instructions" ("recipe_id") /*application='RecipeManagerApi'*/[0m
  [1m[36mActiveRecord::SchemaMigration Create (0.1ms)[0m  [1m[32mINSERT INTO "schema_migrations" ("version") VALUES ('20250720010807') RETURNING "version" /*application='RecipeManagerApi'*/[0m
  [1m[36mTRANSACTION (0.1ms)[0m  [1m[35mCOMMIT TRANSACTION /*application='RecipeManagerApi'*/[0m
Migrating to CreateLabels (20250720011404)
  [1m[36mTRANSACTION (0.0ms)[0m  [1m[35mBEGIN immediate TRANSACTION /*application='RecipeManagerApi'*/[0m
  [1m[35m (0.9ms)[0m  [1m[35mCREATE TABLE "labels" ("id" integer PRIMARY KEY AUTOINCREMENT NOT NULL, "recipe_id" integer NOT NULL, "vegetarian" boolean, "vegan" boolean, "gluten_free" boolean, "dairy_free" boolean, "created_at" datetime(6) NOT NULL, "updated_at" datetime(6) NOT NULL, CONSTRAINT "fk_rails_5dd10ddc5c"
FOREIGN KEY ("recipe_id")
  REFERENCES "recipes" ("id")
) /*application='RecipeManagerApi'*/[0m
  [1m[35m (0.1ms)[0m  [1m[35mCREATE INDEX "index_labels_on_recipe_id" ON "labels" ("recipe_id") /*application='RecipeManagerApi'*/[0m
  [1m[36mActiveRecord::SchemaMigration Create (0.1ms)[0m  [1m[32mINSERT INTO "schema_migrations" ("version") VALUES ('20250720011404') RETURNING "version" /*application='RecipeManagerApi'*/[0m
  [1m[36mTRANSACTION (0.1ms)[0m  [1m[35mCOMMIT TRANSACTION /*application='RecipeManagerApi'*/[0m
Migrating to CreateJoinTableLabelRecipe (20250720012200)
  [1m[36mTRANSACTION (0.0ms)[0m  [1m[35mBEGIN immediate TRANSACTION /*application='RecipeManagerApi'*/[0m
  [1m[35m (0.8ms)[0m  [1m[35mCREATE TABLE "labels_recipes" ("label_id" integer NOT NULL, "recipe_id" integer NOT NULL) /*application='RecipeManagerApi'*/[0m
  [1m[36mActiveRecord::SchemaMigration Create (0.1ms)[0m  [1m[32mINSERT INTO "schema_migrations" ("version") VALUES ('20250720012200') RETURNING "version" /*application='RecipeManagerApi'*/[0m
  [1m[36mTRANSACTION (0.1ms)[0m  [1m[35mCOMMIT TRANSACTION /*application='RecipeManagerApi'*/[0m
  [1m[36mActiveRecord::SchemaMigration Load (0.0ms)[0m  [1m[34mSELECT "schema_migrations"."version" FROM "schema_migrations" ORDER BY "schema_migrations"."version" ASC /*application='RecipeManagerApi'*/[0m
